<?xml version="1.0" encoding="UTF-8"?>
<testng-results skipped="0" failed="0" total="1" passed="1">
  <reporter-output>
  </reporter-output>
  <suite name="VisileanAutomation" duration-ms="49453" started-at="2019-12-30T12:24:38Z" finished-at="2019-12-30T12:25:27Z">
    <groups>
      <group name="cucumber">
        <method signature="AbstractTestNGCucumberTests.feature(cucumber.api.testng.CucumberFeatureWrapper)[pri:0, instance:bom.runner.TestRunner@30a3107a]" name="feature" class="cucumber.api.testng.AbstractTestNGCucumberTests"/>
      </group> <!-- cucumber -->
    </groups>
    <test name="Visilean" duration-ms="49453" started-at="2019-12-30T12:24:38Z" finished-at="2019-12-30T12:25:27Z">
      <class name="bom.runner.TestRunner">
        <test-method status="PASS" signature="setUpClass()[pri:0, instance:bom.runner.TestRunner@30a3107a]" name="setUpClass" is-config="true" duration-ms="164" started-at="2019-12-30T17:54:38Z" finished-at="2019-12-30T17:54:38Z">
          <reporter-output>
          </reporter-output>
        </test-method> <!-- setUpClass -->
        <test-method status="PASS" signature="feature(cucumber.api.testng.CucumberFeatureWrapper)[pri:0, instance:bom.runner.TestRunner@30a3107a]" name="feature" duration-ms="49116" started-at="2019-12-30T17:54:38Z" description="Runs Cucumber Feature" data-provider="features" finished-at="2019-12-30T17:55:27Z">
          <params>
            <param index="0">
              <value>
                <![CDATA[Login.feature :Login Visilean Web Application]]>
              </value>
            </param>
          </params>
          <reporter-output>
          </reporter-output>
        </test-method> <!-- feature -->
        <test-method status="PASS" signature="tearDownClass()[pri:0, instance:bom.runner.TestRunner@30a3107a]" name="tearDownClass" is-config="true" duration-ms="116" started-at="2019-12-30T17:55:27Z" finished-at="2019-12-30T17:55:27Z">
          <reporter-output>
          </reporter-output>
        </test-method> <!-- tearDownClass -->
      </class> <!-- bom.runner.TestRunner -->
    </test> <!-- Visilean -->
  </suite> <!-- VisileanAutomation -->
</testng-results>
